0 info it worked if it ends with ok
1 verbose cli [ '/home/tan/.nvm/v0.10.38/bin/node',
1 verbose cli   '/home/tan/.nvm/v0.10.38/bin/npm',
1 verbose cli   'install',
1 verbose cli   'jade@13.0',
1 verbose cli   '--save' ]
2 info using npm@1.4.28
3 info using node@v0.10.38
4 warn package.json mini-harp@1.0.0 No repository field.
5 verbose readDependencies using package.json deps
6 verbose cache add [ 'jade@13.0', null ]
7 verbose cache add name=undefined spec="jade@13.0" args=["jade@13.0",null]
8 verbose parsed url { protocol: null,
8 verbose parsed url   slashes: null,
8 verbose parsed url   auth: null,
8 verbose parsed url   host: null,
8 verbose parsed url   port: null,
8 verbose parsed url   hostname: null,
8 verbose parsed url   hash: null,
8 verbose parsed url   search: null,
8 verbose parsed url   query: null,
8 verbose parsed url   pathname: 'jade@13.0',
8 verbose parsed url   path: 'jade@13.0',
8 verbose parsed url   href: 'jade@13.0' }
9 verbose cache add name="jade" spec="13.0" args=["jade","13.0"]
10 verbose parsed url { protocol: null,
10 verbose parsed url   slashes: null,
10 verbose parsed url   auth: null,
10 verbose parsed url   host: null,
10 verbose parsed url   port: null,
10 verbose parsed url   hostname: null,
10 verbose parsed url   hash: null,
10 verbose parsed url   search: null,
10 verbose parsed url   query: null,
10 verbose parsed url   pathname: '13.0',
10 verbose parsed url   path: '13.0',
10 verbose parsed url   href: '13.0' }
11 verbose addNamed [ 'jade', '13.0' ]
12 verbose addNamed [ null, '>=13.0.0-0 <13.1.0-0' ]
13 silly lockFile f2f44384-jade-13-0 jade@13.0
14 verbose lock jade@13.0 /home/tan/.npm/f2f44384-jade-13-0.lock
15 silly addNameRange { name: 'jade', range: '>=13.0.0-0 <13.1.0-0', hasData: false }
16 verbose request where is /jade
17 verbose request registry https://registry.npmjs.org/
18 verbose request id 6904614d984f0def
19 verbose url raw /jade
20 verbose url resolving [ 'https://registry.npmjs.org/', './jade' ]
21 verbose url resolved https://registry.npmjs.org/jade
22 verbose request where is https://registry.npmjs.org/jade
23 info trying registry request attempt 1 at 00:09:52
24 verbose etag "CIFHD7VN6TLMW95ZAEJPL5O68"
25 http GET https://registry.npmjs.org/jade
26 http 304 https://registry.npmjs.org/jade
27 silly registry.get cb [ 304,
27 silly registry.get   { date: 'Thu, 14 May 2015 16:09:53 GMT',
27 silly registry.get     via: '1.1 varnish',
27 silly registry.get     'cache-control': 'max-age=60',
27 silly registry.get     etag: '"CIFHD7VN6TLMW95ZAEJPL5O68"',
27 silly registry.get     age: '22',
27 silly registry.get     connection: 'keep-alive',
27 silly registry.get     'x-served-by': 'cache-nrt6134-NRT',
27 silly registry.get     'x-cache': 'HIT',
27 silly registry.get     'x-cache-hits': '1',
27 silly registry.get     'x-timer': 'S1431619793.384189,VS0,VE1',
27 silly registry.get     vary: 'Accept' } ]
28 verbose etag https://registry.npmjs.org/jade from cache
29 silly addNameRange number 2 { name: 'jade', range: '>=13.0.0-0 <13.1.0-0', hasData: true }
30 silly addNameRange versions [ 'jade',
30 silly addNameRange   [ '0.0.1',
30 silly addNameRange     '0.0.2',
30 silly addNameRange     '0.1.0',
30 silly addNameRange     '0.2.0',
30 silly addNameRange     '0.2.1',
30 silly addNameRange     '0.2.2',
30 silly addNameRange     '0.2.3',
30 silly addNameRange     '0.2.4',
30 silly addNameRange     '0.3.0',
30 silly addNameRange     '0.4.0',
30 silly addNameRange     '0.4.1',
30 silly addNameRange     '0.5.0',
30 silly addNameRange     '0.5.1',
30 silly addNameRange     '0.5.2',
30 silly addNameRange     '0.5.3',
30 silly addNameRange     '0.5.4',
30 silly addNameRange     '0.5.5',
30 silly addNameRange     '0.5.6',
30 silly addNameRange     '0.5.7',
30 silly addNameRange     '0.6.0',
30 silly addNameRange     '0.6.1',
30 silly addNameRange     '0.6.3',
30 silly addNameRange     '0.7.0',
30 silly addNameRange     '0.7.1',
30 silly addNameRange     '0.8.0',
30 silly addNameRange     '0.8.1',
30 silly addNameRange     '0.8.2',
30 silly addNameRange     '0.8.3',
30 silly addNameRange     '0.8.4',
30 silly addNameRange     '0.8.5',
30 silly addNameRange     '0.8.6',
30 silly addNameRange     '0.8.7',
30 silly addNameRange     '0.8.8',
30 silly addNameRange     '0.8.9',
30 silly addNameRange     '0.9.0',
30 silly addNameRange     '0.9.1',
30 silly addNameRange     '0.9.2',
30 silly addNameRange     '0.9.3',
30 silly addNameRange     '0.10.0',
30 silly addNameRange     '0.10.1',
30 silly addNameRange     '0.10.2',
30 silly addNameRange     '0.10.3',
30 silly addNameRange     '0.10.4',
30 silly addNameRange     '0.10.5',
30 silly addNameRange     '0.10.6',
30 silly addNameRange     '0.10.7',
30 silly addNameRange     '0.11.0',
30 silly addNameRange     '0.11.1',
30 silly addNameRange     '0.12.0',
30 silly addNameRange     '0.12.1',
30 silly addNameRange     '0.12.2',
30 silly addNameRange     '0.12.3',
30 silly addNameRange     '0.12.4',
30 silly addNameRange     '0.13.0',
30 silly addNameRange     '0.14.0',
30 silly addNameRange     '0.14.1',
30 silly addNameRange     '0.14.2',
30 silly addNameRange     '0.15.0',
30 silly addNameRange     '0.15.1',
30 silly addNameRange     '0.15.2',
30 silly addNameRange     '0.15.3',
30 silly addNameRange     '0.15.4',
30 silly addNameRange     '0.16.0',
30 silly addNameRange     '0.16.1',
30 silly addNameRange     '0.16.2',
30 silly addNameRange     '0.16.3',
30 silly addNameRange     '0.16.4',
30 silly addNameRange     '0.17.0',
30 silly addNameRange     '0.18.0',
30 silly addNameRange     '0.19.0',
30 silly addNameRange     '0.20.0',
30 silly addNameRange     '0.20.1',
30 silly addNameRange     '0.20.2',
30 silly addNameRange     '0.20.3',
30 silly addNameRange     '0.21.0',
30 silly addNameRange     '0.22.0',
30 silly addNameRange     '0.22.1',
30 silly addNameRange     '0.23.0',
30 silly addNameRange     '0.24.0',
30 silly addNameRange     '0.25.0',
30 silly addNameRange     '0.26.0',
30 silly addNameRange     '0.26.1',
30 silly addNameRange     '0.26.2',
30 silly addNameRange     '0.26.3',
30 silly addNameRange     '0.27.0',
30 silly addNameRange     '0.27.1',
30 silly addNameRange     '0.27.2',
30 silly addNameRange     '0.27.3',
30 silly addNameRange     '0.27.4',
30 silly addNameRange     '0.27.5',
30 silly addNameRange     '0.27.6',
30 silly addNameRange     '0.27.7',
30 silly addNameRange     '0.28.0',
30 silly addNameRange     '0.28.1',
30 silly addNameRange     '0.28.2',
30 silly addNameRange     '0.29.0',
30 silly addNameRange     '0.30.0',
30 silly addNameRange     '0.31.0',
30 silly addNameRange     '0.31.1',
30 silly addNameRange     '0.31.2',
30 silly addNameRange     '0.32.0',
30 silly addNameRange     '0.33.0',
30 silly addNameRange     '0.34.0',
30 silly addNameRange     '0.34.1',
30 silly addNameRange     '0.35.0',
30 silly addNameRange     '1.0.0',
30 silly addNameRange     '1.0.1',
30 silly addNameRange     '1.0.2',
30 silly addNameRange     '1.1.0',
30 silly addNameRange     '1.1.1',
30 silly addNameRange     '1.1.2',
30 silly addNameRange     '1.1.3',
30 silly addNameRange     '1.1.4',
30 silly addNameRange     '1.1.5',
30 silly addNameRange     '1.2.0',
30 silly addNameRange     '1.3.0',
30 silly addNameRange     '1.3.1',
30 silly addNameRange     '1.4.0',
30 silly addNameRange     '1.4.1',
30 silly addNameRange     '1.4.2',
30 silly addNameRange     '1.5.0',
30 silly addNameRange     '1.6.0',
30 silly addNameRange     '1.7.0',
30 silly addNameRange     '1.8.0',
30 silly addNameRange     '1.8.1',
30 silly addNameRange     '1.8.2',
30 silly addNameRange     '1.9.0',
30 silly addNameRange     '1.9.1',
30 silly addNameRange     '1.9.2' ] ]
31 silly lockFile f2f44384-jade-13-0 jade@13.0
32 silly lockFile f2f44384-jade-13-0 jade@13.0
33 error notarget No compatible version found: jade@'>=13.0.0-0 <13.1.0-0'
33 error notarget Valid install targets:
33 error notarget ["0.0.1","0.0.2","0.1.0","0.2.0","0.2.1","0.2.2","0.2.3","0.2.4","0.3.0","0.4.0","0.4.1","0.5.0","0.5.1","0.5.2","0.5.3","0.5.4","0.5.5","0.5.6","0.5.7","0.6.0","0.6.1","0.6.3","0.7.0","0.7.1","0.8.0","0.8.1","0.8.2","0.8.3","0.8.4","0.8.5","0.8.6","0.8.7","0.8.8","0.8.9","0.9.0","0.9.1","0.9.2","0.9.3","0.10.0","0.10.1","0.10.2","0.10.3","0.10.4","0.10.5","0.10.6","0.10.7","0.11.0","0.11.1","0.12.0","0.12.1","0.12.2","0.12.3","0.12.4","0.13.0","0.14.0","0.14.1","0.14.2","0.15.0","0.15.1","0.15.2","0.15.3","0.15.4","0.16.0","0.16.1","0.16.2","0.16.3","0.16.4","0.17.0","0.18.0","0.19.0","0.20.0","0.20.1","0.20.2","0.20.3","0.21.0","0.22.0","0.22.1","0.23.0","0.24.0","0.25.0","0.26.0","0.26.1","0.26.2","0.26.3","0.27.0","0.27.1","0.27.2","0.27.3","0.27.4","0.27.5","0.27.6","0.27.7","0.28.0","0.28.1","0.28.2","0.29.0","0.30.0","0.31.0","0.31.1","0.31.2","0.32.0","0.33.0","0.34.0","0.34.1","0.35.0","1.0.0","1.0.1","1.0.2","1.1.0","1.1.1","1.1.2","1.1.3","1.1.4","1.1.5","1.2.0","1.3.0","1.3.1","1.4.0","1.4.1","1.4.2","1.5.0","1.6.0","1.7.0","1.8.0","1.8.1","1.8.2","1.9.0","1.9.1","1.9.2"]
33 error notarget
33 error notarget This is most likely not a problem with npm itself.
33 error notarget In most cases you or one of your dependencies are requesting
33 error notarget a package version that doesn't exist.
34 error System Linux 3.19.3-3-ARCH
35 error command "/home/tan/.nvm/v0.10.38/bin/node" "/home/tan/.nvm/v0.10.38/bin/npm" "install" "jade@13.0" "--save"
36 error cwd /home/tan/Projects/besike-nodejs-express
37 error node -v v0.10.38
38 error npm -v 1.4.28
39 error code ETARGET
40 verbose exit [ 1, true ]
